<?xml version="1.0" encoding="UTF-8"?>
<!-- Generated by org.testng.reporters.JUnitXMLReporter -->
<testsuite ignored="1" hostname="meedo74-ThinkPad-X230" failures="0" tests="1" name="add_to_cart_with_valid_data" time="3.025" errors="0" timestamp="2024-01-22T00:08:41 EET">
  <testcase classname="testcases.T02_add_to_cart" name="add_to_cart_valid" time="1.107"/>
  <testcase classname="testcases.T02_add_to_cart" name="add_to_cart_invalid" time="0.0">
    <ignored/>
  </testcase> <!-- add_to_cart_invalid -->
</testsuite> <!-- add_to_cart_with_valid_data -->
