<?xml version="1.0" encoding="UTF-8"?>
<!-- Generated by org.testng.reporters.JUnitXMLReporter -->
<testsuite ignored="6" hostname="meedo74-ThinkPad-X230" failures="0" tests="1" name="login_with_valid_data" time="8.539" errors="0" timestamp="2024-01-21T18:47:48 EET">
  <testcase classname="testcases.T01_login" name="login_with_valid_data" time="2.235"/>
  <testcase classname="testcases.T01_login" name="login_with_valid_username_and_invalid_password" time="0.0">
    <ignored/>
  </testcase> <!-- login_with_valid_username_and_invalid_password -->
  <testcase classname="testcases.T01_login" name="login_with_empty_password" time="0.0">
    <ignored/>
  </testcase> <!-- login_with_empty_password -->
  <testcase classname="testcases.T01_login" name="login_with_invalid_username_and_invalid_password" time="0.0">
    <ignored/>
  </testcase> <!-- login_with_invalid_username_and_invalid_password -->
  <testcase classname="testcases.T01_login" name="login_with_empty_username_and_password" time="0.0">
    <ignored/>
  </testcase> <!-- login_with_empty_username_and_password -->
  <testcase classname="testcases.T01_login" name="login_with_empty_username" time="0.0">
    <ignored/>
  </testcase> <!-- login_with_empty_username -->
  <testcase classname="testcases.T01_login" name="login_with_invalid_username_and_valid_password" time="0.0">
    <ignored/>
  </testcase> <!-- login_with_invalid_username_and_valid_password -->
</testsuite> <!-- login_with_valid_data -->
