<?xml version="1.0" encoding="UTF-8"?>
<testng-results ignored="8" total="15" passed="4" failed="3" skipped="0">
  <reporter-output>
  </reporter-output>
  <suite started-at="2024-01-22T00:08:34 EET" name="All Test Suite" finished-at="2024-01-22T00:09:01 EET" duration-ms="26810">
    <groups>
    </groups>
    <test started-at="2024-01-22T00:08:34 EET" name="login_with_valid_data" finished-at="2024-01-22T00:08:38 EET" duration-ms="4327">
      <class name="testcases.T01_login">
        <test-method is-config="true" signature="setupdriver(java.lang.String)[pri:0, instance:testcases.T01_login@1de76cc7]" started-at="2024-01-22T00:08:34 EET" name="setupdriver" finished-at="2024-01-22T00:08:37 EET" duration-ms="2788" status="PASS">
          <params>
            <param index="0">
              <value>
                <![CDATA[]]>
              </value>
            </param>
          </params>
          <reporter-output>
          </reporter-output>
        </test-method> <!-- setupdriver -->
        <test-method signature="login_with_valid_data()[pri:1, instance:testcases.T01_login@1de76cc7]" started-at="2024-01-22T00:08:37 EET" name="login_with_valid_data" description="login with valid username and password " finished-at="2024-01-22T00:08:38 EET" duration-ms="1277" status="PASS">
          <reporter-output>
          </reporter-output>
        </test-method> <!-- login_with_valid_data -->
        <test-method is-config="true" signature="getResult(org.testng.ITestResult)[pri:0, instance:testcases.T01_login@1de76cc7]" started-at="2024-01-22T00:08:38 EET" name="getResult" finished-at="2024-01-22T00:08:38 EET" duration-ms="7" status="PASS">
          <params>
            <param index="0">
              <value>
                <![CDATA[[TestResult name=login_with_valid_data status=SUCCESS method=T01_login.login_with_valid_data()[pri:1, instance:testcases.T01_login@1de76cc7] output={null}]]]>
              </value>
            </param>
          </params>
          <reporter-output>
          </reporter-output>
        </test-method> <!-- getResult -->
        <test-method is-config="true" signature="teardown()[pri:0, instance:testcases.T01_login@1de76cc7]" started-at="2024-01-22T00:08:38 EET" name="teardown" finished-at="2024-01-22T00:08:38 EET" duration-ms="92" status="PASS">
          <reporter-output>
          </reporter-output>
        </test-method> <!-- teardown -->
      </class> <!-- testcases.T01_login -->
    </test> <!-- login_with_valid_data -->
    <test started-at="2024-01-22T00:08:38 EET" name="add_to_cart_with_valid_data" finished-at="2024-01-22T00:08:41 EET" duration-ms="3025">
      <class name="testcases.T02_add_to_cart">
        <test-method is-config="true" signature="setupdriver(java.lang.String)[pri:0, instance:testcases.T02_add_to_cart@7d4f9aae]" started-at="2024-01-22T00:08:38 EET" name="setupdriver" finished-at="2024-01-22T00:08:40 EET" duration-ms="1831" status="PASS">
          <params>
            <param index="0">
              <value>
                <![CDATA[]]>
              </value>
            </param>
          </params>
          <reporter-output>
          </reporter-output>
        </test-method> <!-- setupdriver -->
        <test-method signature="add_to_cart_valid()[pri:1, instance:testcases.T02_add_to_cart@7d4f9aae]" started-at="2024-01-22T00:08:40 EET" name="add_to_cart_valid" description="add to cart with invalid scenario" finished-at="2024-01-22T00:08:41 EET" duration-ms="1107" status="PASS">
          <reporter-output>
          </reporter-output>
        </test-method> <!-- add_to_cart_valid -->
        <test-method is-config="true" signature="getResult(org.testng.ITestResult)[pri:0, instance:testcases.T02_add_to_cart@7d4f9aae]" started-at="2024-01-22T00:08:41 EET" name="getResult" finished-at="2024-01-22T00:08:41 EET" duration-ms="1" status="PASS">
          <params>
            <param index="0">
              <value>
                <![CDATA[[TestResult name=add_to_cart_valid status=SUCCESS method=T02_add_to_cart.add_to_cart_valid()[pri:1, instance:testcases.T02_add_to_cart@7d4f9aae] output={null}]]]>
              </value>
            </param>
          </params>
          <reporter-output>
          </reporter-output>
        </test-method> <!-- getResult -->
        <test-method is-config="true" signature="teardown()[pri:0, instance:testcases.T02_add_to_cart@7d4f9aae]" started-at="2024-01-22T00:08:41 EET" name="teardown" finished-at="2024-01-22T00:08:41 EET" duration-ms="80" status="PASS">
          <reporter-output>
          </reporter-output>
        </test-method> <!-- teardown -->
      </class> <!-- testcases.T02_add_to_cart -->
    </test> <!-- add_to_cart_with_valid_data -->
    <test started-at="2024-01-22T00:08:41 EET" name="add_to_cart_with_invalid_data" finished-at="2024-01-22T00:08:44 EET" duration-ms="3052">
      <class name="testcases.T02_add_to_cart">
        <test-method is-config="true" signature="setupdriver(java.lang.String)[pri:0, instance:testcases.T02_add_to_cart@52b1beb6]" started-at="2024-01-22T00:08:41 EET" name="setupdriver" finished-at="2024-01-22T00:08:43 EET" duration-ms="1800" status="PASS">
          <params>
            <param index="0">
              <value>
                <![CDATA[]]>
              </value>
            </param>
          </params>
          <reporter-output>
          </reporter-output>
        </test-method> <!-- setupdriver -->
        <test-method signature="add_to_cart_invalid()[pri:2, instance:testcases.T02_add_to_cart@52b1beb6]" started-at="2024-01-22T00:08:43 EET" name="add_to_cart_invalid" description="add to cart with invalid scenario" finished-at="2024-01-22T00:08:44 EET" duration-ms="883" status="FAIL">
          <exception class="java.lang.AssertionError">
            <message>
              <![CDATA[The following asserts failed:
expected [remove] but found [Add to cart]]]>
            </message>
            <full-stacktrace>
              <![CDATA[java.lang.AssertionError: The following asserts failed:
expected [remove] but found [Add to cart]
at org.testng.asserts.SoftAssert.assertAll(SoftAssert.java:46)
at org.testng.asserts.SoftAssert.assertAll(SoftAssert.java:30)
at testcases.T02_add_to_cart.add_to_cart_invalid(T02_add_to_cart.java:32)
at java.base/jdk.internal.reflect.DirectMethodHandleAccessor.invoke(DirectMethodHandleAccessor.java:103)
at java.base/java.lang.reflect.Method.invoke(Method.java:580)
at org.testng.internal.invokers.MethodInvocationHelper.invokeMethod(MethodInvocationHelper.java:136)
at org.testng.internal.invokers.TestInvoker.invokeMethod(TestInvoker.java:658)
at org.testng.internal.invokers.TestInvoker.invokeTestMethod(TestInvoker.java:219)
at org.testng.internal.invokers.MethodRunner.runInSequence(MethodRunner.java:50)
at org.testng.internal.invokers.TestInvoker$MethodInvocationAgent.invoke(TestInvoker.java:923)
at org.testng.internal.invokers.TestInvoker.invokeTestMethods(TestInvoker.java:192)
at org.testng.internal.invokers.TestMethodWorker.invokeTestMethods(TestMethodWorker.java:146)
at org.testng.internal.invokers.TestMethodWorker.run(TestMethodWorker.java:128)
at java.base/java.util.ArrayList.forEach(ArrayList.java:1596)
at org.testng.TestRunner.privateRun(TestRunner.java:808)
at org.testng.TestRunner.run(TestRunner.java:603)
at org.testng.SuiteRunner.runTest(SuiteRunner.java:429)
at org.testng.SuiteRunner.runSequentially(SuiteRunner.java:423)
at org.testng.SuiteRunner.privateRun(SuiteRunner.java:383)
at org.testng.SuiteRunner.run(SuiteRunner.java:326)
at org.testng.SuiteRunnerWorker.runSuite(SuiteRunnerWorker.java:52)
at org.testng.SuiteRunnerWorker.run(SuiteRunnerWorker.java:95)
at org.testng.TestNG.runSuitesSequentially(TestNG.java:1249)
at org.testng.TestNG.runSuitesLocally(TestNG.java:1169)
at org.testng.TestNG.runSuites(TestNG.java:1092)
at org.testng.TestNG.run(TestNG.java:1060)
at com.intellij.rt.testng.IDEARemoteTestNG.run(IDEARemoteTestNG.java:65)
at com.intellij.rt.testng.RemoteTestNGStarter.main(RemoteTestNGStarter.java:105)
]]>
            </full-stacktrace>
          </exception> <!-- java.lang.AssertionError -->
          <reporter-output>
          </reporter-output>
        </test-method> <!-- add_to_cart_invalid -->
        <test-method is-config="true" signature="getResult(org.testng.ITestResult)[pri:0, instance:testcases.T02_add_to_cart@52b1beb6]" started-at="2024-01-22T00:08:44 EET" name="getResult" finished-at="2024-01-22T00:08:44 EET" duration-ms="2" status="PASS">
          <params>
            <param index="0">
              <value>
                <![CDATA[[TestResult name=add_to_cart_invalid status=FAILURE method=T02_add_to_cart.add_to_cart_invalid()[pri:2, instance:testcases.T02_add_to_cart@52b1beb6] output={null}]]]>
              </value>
            </param>
          </params>
          <reporter-output>
          </reporter-output>
        </test-method> <!-- getResult -->
        <test-method is-config="true" signature="teardown()[pri:0, instance:testcases.T02_add_to_cart@52b1beb6]" started-at="2024-01-22T00:08:44 EET" name="teardown" finished-at="2024-01-22T00:08:44 EET" duration-ms="147" status="PASS">
          <reporter-output>
          </reporter-output>
        </test-method> <!-- teardown -->
      </class> <!-- testcases.T02_add_to_cart -->
    </test> <!-- add_to_cart_with_invalid_data -->
    <test started-at="2024-01-22T00:08:44 EET" name="comparing item " finished-at="2024-01-22T00:08:48 EET" duration-ms="4005">
      <class name="testcases.T03_item_action">
        <test-method is-config="true" signature="setupdriver(java.lang.String)[pri:0, instance:testcases.T03_item_action@771a660]" started-at="2024-01-22T00:08:44 EET" name="setupdriver" finished-at="2024-01-22T00:08:47 EET" duration-ms="2526" status="PASS">
          <params>
            <param index="0">
              <value>
                <![CDATA[]]>
              </value>
            </param>
          </params>
          <reporter-output>
          </reporter-output>
        </test-method> <!-- setupdriver -->
        <test-method signature="checking_item_header_name()[pri:1, instance:testcases.T03_item_action@771a660]" started-at="2024-01-22T00:08:47 EET" name="checking_item_header_name" description="comparing the item information " finished-at="2024-01-22T00:08:48 EET" duration-ms="1179" status="FAIL">
          <exception class="java.lang.AssertionError">
            <message>
              <![CDATA[The following asserts failed:
expected [Sauce Labs Fleece Jacket] but found [ITEM NOT FOUND]]]>
            </message>
            <full-stacktrace>
              <![CDATA[java.lang.AssertionError: The following asserts failed:
expected [Sauce Labs Fleece Jacket] but found [ITEM NOT FOUND]
at org.testng.asserts.SoftAssert.assertAll(SoftAssert.java:46)
at org.testng.asserts.SoftAssert.assertAll(SoftAssert.java:30)
at testcases.T03_item_action.checking_item_header_name(T03_item_action.java:26)
at java.base/jdk.internal.reflect.DirectMethodHandleAccessor.invoke(DirectMethodHandleAccessor.java:103)
at java.base/java.lang.reflect.Method.invoke(Method.java:580)
at org.testng.internal.invokers.MethodInvocationHelper.invokeMethod(MethodInvocationHelper.java:136)
at org.testng.internal.invokers.TestInvoker.invokeMethod(TestInvoker.java:658)
at org.testng.internal.invokers.TestInvoker.invokeTestMethod(TestInvoker.java:219)
at org.testng.internal.invokers.MethodRunner.runInSequence(MethodRunner.java:50)
at org.testng.internal.invokers.TestInvoker$MethodInvocationAgent.invoke(TestInvoker.java:923)
at org.testng.internal.invokers.TestInvoker.invokeTestMethods(TestInvoker.java:192)
at org.testng.internal.invokers.TestMethodWorker.invokeTestMethods(TestMethodWorker.java:146)
at org.testng.internal.invokers.TestMethodWorker.run(TestMethodWorker.java:128)
at java.base/java.util.ArrayList.forEach(ArrayList.java:1596)
at org.testng.TestRunner.privateRun(TestRunner.java:808)
at org.testng.TestRunner.run(TestRunner.java:603)
at org.testng.SuiteRunner.runTest(SuiteRunner.java:429)
at org.testng.SuiteRunner.runSequentially(SuiteRunner.java:423)
at org.testng.SuiteRunner.privateRun(SuiteRunner.java:383)
at org.testng.SuiteRunner.run(SuiteRunner.java:326)
at org.testng.SuiteRunnerWorker.runSuite(SuiteRunnerWorker.java:52)
at org.testng.SuiteRunnerWorker.run(SuiteRunnerWorker.java:95)
at org.testng.TestNG.runSuitesSequentially(TestNG.java:1249)
at org.testng.TestNG.runSuitesLocally(TestNG.java:1169)
at org.testng.TestNG.runSuites(TestNG.java:1092)
at org.testng.TestNG.run(TestNG.java:1060)
at com.intellij.rt.testng.IDEARemoteTestNG.run(IDEARemoteTestNG.java:65)
at com.intellij.rt.testng.RemoteTestNGStarter.main(RemoteTestNGStarter.java:105)
]]>
            </full-stacktrace>
          </exception> <!-- java.lang.AssertionError -->
          <reporter-output>
          </reporter-output>
        </test-method> <!-- checking_item_header_name -->
        <test-method is-config="true" signature="getResult(org.testng.ITestResult)[pri:0, instance:testcases.T03_item_action@771a660]" started-at="2024-01-22T00:08:48 EET" name="getResult" finished-at="2024-01-22T00:08:48 EET" duration-ms="1" status="PASS">
          <params>
            <param index="0">
              <value>
                <![CDATA[[TestResult name=checking_item_header_name status=FAILURE method=T03_item_action.checking_item_header_name()[pri:1, instance:testcases.T03_item_action@771a660] output={null}]]]>
              </value>
            </param>
          </params>
          <reporter-output>
          </reporter-output>
        </test-method> <!-- getResult -->
        <test-method is-config="true" signature="teardown()[pri:0, instance:testcases.T03_item_action@771a660]" started-at="2024-01-22T00:08:48 EET" name="teardown" finished-at="2024-01-22T00:08:48 EET" duration-ms="82" status="PASS">
          <reporter-output>
          </reporter-output>
        </test-method> <!-- teardown -->
      </class> <!-- testcases.T03_item_action -->
    </test> <!-- comparing item  -->
    <test started-at="2024-01-22T00:08:48 EET" name=" making order " finished-at="2024-01-22T00:08:53 EET" duration-ms="4294">
      <class name="testcases.T04_make_order">
        <test-method is-config="true" signature="setupdriver(java.lang.String)[pri:0, instance:testcases.T04_make_order@1e236278]" started-at="2024-01-22T00:08:48 EET" name="setupdriver" finished-at="2024-01-22T00:08:50 EET" duration-ms="1714" status="PASS">
          <params>
            <param index="0">
              <value>
                <![CDATA[]]>
              </value>
            </param>
          </params>
          <reporter-output>
          </reporter-output>
        </test-method> <!-- setupdriver -->
        <test-method signature="making_order_with_blocking_scenraio()[pri:1, instance:testcases.T04_make_order@1e236278]" started-at="2024-01-22T00:08:50 EET" name="making_order_with_blocking_scenraio" description="comparing the item information " finished-at="2024-01-22T00:08:53 EET" duration-ms="2400" status="FAIL">
          <exception class="java.lang.AssertionError">
            <message>
              <![CDATA[The following asserts failed:
expected [https://www.saucedemo.com/checkout-step-two.html] but found [https://www.saucedemo.com/checkout-step-one.html]]]>
            </message>
            <full-stacktrace>
              <![CDATA[java.lang.AssertionError: The following asserts failed:
expected [https://www.saucedemo.com/checkout-step-two.html] but found [https://www.saucedemo.com/checkout-step-one.html]
at org.testng.asserts.SoftAssert.assertAll(SoftAssert.java:46)
at org.testng.asserts.SoftAssert.assertAll(SoftAssert.java:30)
at testcases.T04_make_order.making_order_with_blocking_scenraio(T04_make_order.java:35)
at java.base/jdk.internal.reflect.DirectMethodHandleAccessor.invoke(DirectMethodHandleAccessor.java:103)
at java.base/java.lang.reflect.Method.invoke(Method.java:580)
at org.testng.internal.invokers.MethodInvocationHelper.invokeMethod(MethodInvocationHelper.java:136)
at org.testng.internal.invokers.TestInvoker.invokeMethod(TestInvoker.java:658)
at org.testng.internal.invokers.TestInvoker.invokeTestMethod(TestInvoker.java:219)
at org.testng.internal.invokers.MethodRunner.runInSequence(MethodRunner.java:50)
at org.testng.internal.invokers.TestInvoker$MethodInvocationAgent.invoke(TestInvoker.java:923)
at org.testng.internal.invokers.TestInvoker.invokeTestMethods(TestInvoker.java:192)
at org.testng.internal.invokers.TestMethodWorker.invokeTestMethods(TestMethodWorker.java:146)
at org.testng.internal.invokers.TestMethodWorker.run(TestMethodWorker.java:128)
at java.base/java.util.ArrayList.forEach(ArrayList.java:1596)
at org.testng.TestRunner.privateRun(TestRunner.java:808)
at org.testng.TestRunner.run(TestRunner.java:603)
at org.testng.SuiteRunner.runTest(SuiteRunner.java:429)
at org.testng.SuiteRunner.runSequentially(SuiteRunner.java:423)
at org.testng.SuiteRunner.privateRun(SuiteRunner.java:383)
at org.testng.SuiteRunner.run(SuiteRunner.java:326)
at org.testng.SuiteRunnerWorker.runSuite(SuiteRunnerWorker.java:52)
at org.testng.SuiteRunnerWorker.run(SuiteRunnerWorker.java:95)
at org.testng.TestNG.runSuitesSequentially(TestNG.java:1249)
at org.testng.TestNG.runSuitesLocally(TestNG.java:1169)
at org.testng.TestNG.runSuites(TestNG.java:1092)
at org.testng.TestNG.run(TestNG.java:1060)
at com.intellij.rt.testng.IDEARemoteTestNG.run(IDEARemoteTestNG.java:65)
at com.intellij.rt.testng.RemoteTestNGStarter.main(RemoteTestNGStarter.java:105)
]]>
            </full-stacktrace>
          </exception> <!-- java.lang.AssertionError -->
          <reporter-output>
          </reporter-output>
        </test-method> <!-- making_order_with_blocking_scenraio -->
        <test-method is-config="true" signature="getResult(org.testng.ITestResult)[pri:0, instance:testcases.T04_make_order@1e236278]" started-at="2024-01-22T00:08:53 EET" name="getResult" finished-at="2024-01-22T00:08:53 EET" duration-ms="1" status="PASS">
          <params>
            <param index="0">
              <value>
                <![CDATA[[TestResult name=making_order_with_blocking_scenraio status=FAILURE method=T04_make_order.making_order_with_blocking_scenraio()[pri:1, instance:testcases.T04_make_order@1e236278] output={null}]]]>
              </value>
            </param>
          </params>
          <reporter-output>
          </reporter-output>
        </test-method> <!-- getResult -->
        <test-method is-config="true" signature="teardown()[pri:0, instance:testcases.T04_make_order@1e236278]" started-at="2024-01-22T00:08:53 EET" name="teardown" finished-at="2024-01-22T00:08:53 EET" duration-ms="83" status="PASS">
          <reporter-output>
          </reporter-output>
        </test-method> <!-- teardown -->
      </class> <!-- testcases.T04_make_order -->
    </test> <!--  making order  -->
    <test started-at="2024-01-22T00:08:53 EET" name=" reset cart  " finished-at="2024-01-22T00:08:56 EET" duration-ms="3695">
      <class name="testcases.T05_reset_button">
        <test-method is-config="true" signature="setupdriver(java.lang.String)[pri:0, instance:testcases.T05_reset_button@6a12c7a8]" started-at="2024-01-22T00:08:53 EET" name="setupdriver" finished-at="2024-01-22T00:08:55 EET" duration-ms="1763" status="PASS">
          <params>
            <param index="0">
              <value>
                <![CDATA[]]>
              </value>
            </param>
          </params>
          <reporter-output>
          </reporter-output>
        </test-method> <!-- setupdriver -->
        <test-method signature="reset_cart()[pri:1, instance:testcases.T05_reset_button@6a12c7a8]" started-at="2024-01-22T00:08:55 EET" name="reset_cart" description="check the funtionality of reset button " finished-at="2024-01-22T00:08:56 EET" duration-ms="1843" status="PASS">
          <reporter-output>
          </reporter-output>
        </test-method> <!-- reset_cart -->
        <test-method is-config="true" signature="getResult(org.testng.ITestResult)[pri:0, instance:testcases.T05_reset_button@6a12c7a8]" started-at="2024-01-22T00:08:56 EET" name="getResult" finished-at="2024-01-22T00:08:56 EET" duration-ms="1" status="PASS">
          <params>
            <param index="0">
              <value>
                <![CDATA[[TestResult name=reset_cart status=SUCCESS method=T05_reset_button.reset_cart()[pri:1, instance:testcases.T05_reset_button@6a12c7a8] output={null}]]]>
              </value>
            </param>
          </params>
          <reporter-output>
          </reporter-output>
        </test-method> <!-- getResult -->
        <test-method is-config="true" signature="teardown()[pri:0, instance:testcases.T05_reset_button@6a12c7a8]" started-at="2024-01-22T00:08:56 EET" name="teardown" finished-at="2024-01-22T00:08:56 EET" duration-ms="85" status="PASS">
          <reporter-output>
          </reporter-output>
        </test-method> <!-- teardown -->
      </class> <!-- testcases.T05_reset_button -->
    </test> <!--  reset cart   -->
    <test started-at="2024-01-22T00:08:56 EET" name=" logout process  " finished-at="2024-01-22T00:09:01 EET" duration-ms="4354">
      <class name="testcases.T06_logout">
        <test-method is-config="true" signature="defineSuiteElements()[pri:0, instance:testcases.T06_logout@4a901445]" started-at="2024-01-22T00:08:34 EET" name="defineSuiteElements" finished-at="2024-01-22T00:08:34 EET" duration-ms="262" status="PASS">
          <reporter-output>
          </reporter-output>
        </test-method> <!-- defineSuiteElements -->
        <test-method is-config="true" signature="setupdriver(java.lang.String)[pri:0, instance:testcases.T06_logout@4a901445]" started-at="2024-01-22T00:08:56 EET" name="setupdriver" finished-at="2024-01-22T00:08:58 EET" duration-ms="1677" status="PASS">
          <params>
            <param index="0">
              <value>
                <![CDATA[]]>
              </value>
            </param>
          </params>
          <reporter-output>
          </reporter-output>
        </test-method> <!-- setupdriver -->
        <test-method signature="logout_scenario()[pri:1, instance:testcases.T06_logout@4a901445]" started-at="2024-01-22T00:08:58 EET" name="logout_scenario" description="check the funtionality of logout button and if item will be deleted or not from cart" finished-at="2024-01-22T00:09:01 EET" duration-ms="2585" status="PASS">
          <reporter-output>
          </reporter-output>
        </test-method> <!-- logout_scenario -->
        <test-method is-config="true" signature="getResult(org.testng.ITestResult)[pri:0, instance:testcases.T06_logout@4a901445]" started-at="2024-01-22T00:09:01 EET" name="getResult" finished-at="2024-01-22T00:09:01 EET" duration-ms="2" status="PASS">
          <params>
            <param index="0">
              <value>
                <![CDATA[[TestResult name=logout_scenario status=SUCCESS method=T06_logout.logout_scenario()[pri:1, instance:testcases.T06_logout@4a901445] output={null}]]]>
              </value>
            </param>
          </params>
          <reporter-output>
          </reporter-output>
        </test-method> <!-- getResult -->
        <test-method is-config="true" signature="teardown()[pri:0, instance:testcases.T06_logout@4a901445]" started-at="2024-01-22T00:09:01 EET" name="teardown" finished-at="2024-01-22T00:09:01 EET" duration-ms="82" status="PASS">
          <reporter-output>
          </reporter-output>
        </test-method> <!-- teardown -->
        <test-method is-config="true" signature="tearDown()[pri:0, instance:testcases.T06_logout@4a901445]" started-at="2024-01-22T00:09:01 EET" name="tearDown" finished-at="2024-01-22T00:09:02 EET" duration-ms="729" status="PASS">
          <reporter-output>
          </reporter-output>
        </test-method> <!-- tearDown -->
      </class> <!-- testcases.T06_logout -->
    </test> <!--  logout process   -->
  </suite> <!-- All Test Suite -->
</testng-results>
